<?xml version="1.0" encoding="UTF-8"?>
<testng-results ignored="0" total="2" passed="1" failed="1" skipped="0">
  <reporter-output>
  </reporter-output>
  <suite started-at="2026-03-20T00:14:47 MYT" name="Automation Test Suite" finished-at="2026-03-20T00:15:00 MYT" duration-ms="12929">
    <groups>
    </groups>
    <test started-at="2026-03-20T00:14:47 MYT" name="Tests" finished-at="2026-03-20T00:15:00 MYT" duration-ms="12929">
      <class name="tests.LoginTest">
        <test-method is-config="true" signature="setup()[pri:0, instance:tests.LoginTest@25ce9dc4]" started-at="2026-03-20T00:14:47 MYT" name="setup" finished-at="2026-03-20T00:14:53 MYT" duration-ms="5411" status="PASS">
          <reporter-output>
          </reporter-output>
        </test-method> <!-- setup -->
        <test-method signature="validLoginTest()[pri:0, instance:tests.LoginTest@25ce9dc4]" started-at="2026-03-20T00:14:53 MYT" name="validLoginTest" finished-at="2026-03-20T00:14:54 MYT" duration-ms="1674" status="PASS">
          <reporter-output>
          </reporter-output>
        </test-method> <!-- validLoginTest -->
        <test-method is-config="true" signature="teardown()[pri:0, instance:tests.LoginTest@25ce9dc4]" started-at="2026-03-20T00:14:55 MYT" name="teardown" finished-at="2026-03-20T00:14:55 MYT" duration-ms="424" status="PASS">
          <reporter-output>
          </reporter-output>
        </test-method> <!-- teardown -->
      </class> <!-- tests.LoginTest -->
      <class name="tests.PurchaseTest">
        <test-method is-config="true" signature="setup()[pri:0, instance:tests.PurchaseTest@72035809]" started-at="2026-03-20T00:14:56 MYT" name="setup" finished-at="2026-03-20T00:14:58 MYT" duration-ms="2653" status="PASS">
          <reporter-output>
          </reporter-output>
        </test-method> <!-- setup -->
        <test-method signature="completePurchaseFlow()[pri:0, instance:tests.PurchaseTest@72035809]" started-at="2026-03-20T00:14:58 MYT" name="completePurchaseFlow" finished-at="2026-03-20T00:15:00 MYT" duration-ms="1724" status="FAIL">
          <exception class="org.openqa.selenium.NoSuchElementException">
            <message>
              <![CDATA[no such element: Unable to locate element: {"method":"css selector","selector":"#checkout"}
  (Session info: chrome=146.0.7680.153)
For documentation on this error, please visit: https://www.selenium.dev/documentation/webdriver/troubleshooting/errors#no-such-element-exception
Build info: version: '4.16.0', revision: '15400459dd*'
System info: os.name: 'Mac OS X', os.arch: 'x86_64', os.version: '12.7.6', java.version: '22.0.2'
Driver info: org.openqa.selenium.chrome.ChromeDriver
Command: [eae4a70ce333d74b167280c0e1fc089f, findElement {using=id, value=checkout}]
Capabilities {acceptInsecureCerts: false, browserName: chrome, browserVersion: 146.0.7680.153, chrome: {chromedriverVersion: 146.0.7680.153 (85fd829a1b2..., userDataDir: /var/folders/l4/bpqtzh111fd...}, fedcm:accounts: true, goog:chromeOptions: {debuggerAddress: localhost:52466}, goog:processID: 65706, networkConnectionEnabled: false, pageLoadStrategy: normal, platformName: mac, proxy: Proxy(), se:cdp: ws://localhost:52466/devtoo..., se:cdpVersion: 146.0.7680.153, setWindowRect: true, strictFileInteractability: false, timeouts: {implicit: 0, pageLoad: 300000, script: 30000}, unhandledPromptBehavior: dismiss and notify, webauthn:extension:credBlob: true, webauthn:extension:largeBlob: true, webauthn:extension:minPinLength: true, webauthn:extension:prf: true, webauthn:virtualAuthenticators: true}
Session ID: eae4a70ce333d74b167280c0e1fc089f]]>
            </message>
            <full-stacktrace>
              <![CDATA[org.openqa.selenium.NoSuchElementException: no such element: Unable to locate element: {"method":"css selector","selector":"#checkout"}
  (Session info: chrome=146.0.7680.153)
For documentation on this error, please visit: https://www.selenium.dev/documentation/webdriver/troubleshooting/errors#no-such-element-exception
Build info: version: '4.16.0', revision: '15400459dd*'
System info: os.name: 'Mac OS X', os.arch: 'x86_64', os.version: '12.7.6', java.version: '22.0.2'
Driver info: org.openqa.selenium.chrome.ChromeDriver
Command: [eae4a70ce333d74b167280c0e1fc089f, findElement {using=id, value=checkout}]
Capabilities {acceptInsecureCerts: false, browserName: chrome, browserVersion: 146.0.7680.153, chrome: {chromedriverVersion: 146.0.7680.153 (85fd829a1b2..., userDataDir: /var/folders/l4/bpqtzh111fd...}, fedcm:accounts: true, goog:chromeOptions: {debuggerAddress: localhost:52466}, goog:processID: 65706, networkConnectionEnabled: false, pageLoadStrategy: normal, platformName: mac, proxy: Proxy(), se:cdp: ws://localhost:52466/devtoo..., se:cdpVersion: 146.0.7680.153, setWindowRect: true, strictFileInteractability: false, timeouts: {implicit: 0, pageLoad: 300000, script: 30000}, unhandledPromptBehavior: dismiss and notify, webauthn:extension:credBlob: true, webauthn:extension:largeBlob: true, webauthn:extension:minPinLength: true, webauthn:extension:prf: true, webauthn:virtualAuthenticators: true}
Session ID: eae4a70ce333d74b167280c0e1fc089f
at java.base/jdk.internal.reflect.DirectConstructorHandleAccessor.newInstance(DirectConstructorHandleAccessor.java:62)
at java.base/java.lang.reflect.Constructor.newInstanceWithCaller(Constructor.java:502)
at java.base/java.lang.reflect.Constructor.newInstance(Constructor.java:486)
at org.openqa.selenium.remote.codec.w3c.W3CHttpResponseCodec.createException(W3CHttpResponseCodec.java:200)
at org.openqa.selenium.remote.codec.w3c.W3CHttpResponseCodec.decode(W3CHttpResponseCodec.java:133)
at org.openqa.selenium.remote.codec.w3c.W3CHttpResponseCodec.decode(W3CHttpResponseCodec.java:52)
at org.openqa.selenium.remote.HttpCommandExecutor.execute(HttpCommandExecutor.java:191)
at org.openqa.selenium.remote.service.DriverCommandExecutor.invokeExecute(DriverCommandExecutor.java:200)
at org.openqa.selenium.remote.service.DriverCommandExecutor.execute(DriverCommandExecutor.java:175)
at org.openqa.selenium.remote.RemoteWebDriver.execute(RemoteWebDriver.java:523)
at org.openqa.selenium.remote.ElementLocation$ElementFinder$2.findElement(ElementLocation.java:165)
at org.openqa.selenium.remote.ElementLocation.findElement(ElementLocation.java:59)
at org.openqa.selenium.remote.RemoteWebDriver.findElement(RemoteWebDriver.java:360)
at org.openqa.selenium.remote.RemoteWebDriver.findElement(RemoteWebDriver.java:354)
at pages.CartPage.clickCheckout(CartPage.java:16)
at tests.PurchaseTest.completePurchaseFlow(PurchaseTest.java:39)
at java.base/jdk.internal.reflect.DirectMethodHandleAccessor.invoke(DirectMethodHandleAccessor.java:103)
at java.base/java.lang.reflect.Method.invoke(Method.java:580)
at org.testng.internal.invokers.MethodInvocationHelper.invokeMethod(MethodInvocationHelper.java:139)
at org.testng.internal.invokers.TestInvoker.invokeMethod(TestInvoker.java:677)
at org.testng.internal.invokers.TestInvoker.invokeTestMethod(TestInvoker.java:221)
at org.testng.internal.invokers.MethodRunner.runInSequence(MethodRunner.java:50)
at org.testng.internal.invokers.TestInvoker$MethodInvocationAgent.invoke(TestInvoker.java:969)
at org.testng.internal.invokers.TestInvoker.invokeTestMethods(TestInvoker.java:194)
at org.testng.internal.invokers.TestMethodWorker.invokeTestMethods(TestMethodWorker.java:148)
at org.testng.internal.invokers.TestMethodWorker.run(TestMethodWorker.java:128)
at java.base/java.util.ArrayList.forEach(ArrayList.java:1597)
at org.testng.TestRunner.privateRun(TestRunner.java:829)
at org.testng.TestRunner.run(TestRunner.java:602)
at org.testng.SuiteRunner.runTest(SuiteRunner.java:437)
at org.testng.SuiteRunner.runSequentially(SuiteRunner.java:431)
at org.testng.SuiteRunner.privateRun(SuiteRunner.java:391)
at org.testng.SuiteRunner.run(SuiteRunner.java:330)
at org.testng.SuiteRunnerWorker.runSuite(SuiteRunnerWorker.java:52)
at org.testng.SuiteRunnerWorker.run(SuiteRunnerWorker.java:95)
at org.testng.TestNG.runSuitesSequentially(TestNG.java:1256)
at org.testng.TestNG.runSuitesLocally(TestNG.java:1176)
at org.testng.TestNG.runSuites(TestNG.java:1099)
at org.testng.TestNG.run(TestNG.java:1067)
at org.apache.maven.surefire.testng.TestNGExecutor.run(TestNGExecutor.java:308)
at org.apache.maven.surefire.testng.TestNGXmlTestSuite.execute(TestNGXmlTestSuite.java:71)
at org.apache.maven.surefire.testng.TestNGProvider.invoke(TestNGProvider.java:113)
at org.apache.maven.surefire.booter.ForkedBooter.runSuitesInProcess(ForkedBooter.java:385)
at org.apache.maven.surefire.booter.ForkedBooter.execute(ForkedBooter.java:162)
at org.apache.maven.surefire.booter.ForkedBooter.run(ForkedBooter.java:507)
at org.apache.maven.surefire.booter.ForkedBooter.main(ForkedBooter.java:495)
]]>
            </full-stacktrace>
          </exception> <!-- org.openqa.selenium.NoSuchElementException -->
          <reporter-output>
          </reporter-output>
        </test-method> <!-- completePurchaseFlow -->
        <test-method is-config="true" signature="teardown()[pri:0, instance:tests.PurchaseTest@72035809]" started-at="2026-03-20T00:15:00 MYT" name="teardown" finished-at="2026-03-20T00:15:00 MYT" duration-ms="378" status="PASS">
          <reporter-output>
          </reporter-output>
        </test-method> <!-- teardown -->
      </class> <!-- tests.PurchaseTest -->
    </test> <!-- Tests -->
  </suite> <!-- Automation Test Suite -->
</testng-results>
