<?xml version="1.0" encoding="UTF-8"?>
<testng-results ignored="0" total="2" passed="2" failed="0" skipped="0">
  <reporter-output>
  </reporter-output>
  <suite started-at="2026-03-19T10:08:54 MYT" name="Automation Test Suite" finished-at="2026-03-19T10:09:09 MYT" duration-ms="14514">
    <groups>
    </groups>
    <test started-at="2026-03-19T10:08:54 MYT" name="Tests" finished-at="2026-03-19T10:09:09 MYT" duration-ms="14514">
      <class name="tests.LoginTest">
        <test-method is-config="true" signature="setup()[pri:0, instance:tests.LoginTest@25ce9dc4]" started-at="2026-03-19T10:08:54 MYT" name="setup" finished-at="2026-03-19T10:08:59 MYT" duration-ms="4187" status="PASS">
          <reporter-output>
          </reporter-output>
        </test-method> <!-- setup -->
        <test-method signature="validLoginTest()[pri:0, instance:tests.LoginTest@25ce9dc4]" started-at="2026-03-19T10:08:59 MYT" name="validLoginTest" finished-at="2026-03-19T10:09:03 MYT" duration-ms="4037" status="PASS">
          <reporter-output>
          </reporter-output>
        </test-method> <!-- validLoginTest -->
        <test-method is-config="true" signature="teardown()[pri:0, instance:tests.LoginTest@25ce9dc4]" started-at="2026-03-19T10:09:03 MYT" name="teardown" finished-at="2026-03-19T10:09:04 MYT" duration-ms="412" status="PASS">
          <reporter-output>
          </reporter-output>
        </test-method> <!-- teardown -->
      </class> <!-- tests.LoginTest -->
      <class name="tests.PurchaseTest">
        <test-method is-config="true" signature="setup()[pri:0, instance:tests.PurchaseTest@72035809]" started-at="2026-03-19T10:09:04 MYT" name="setup" finished-at="2026-03-19T10:09:06 MYT" duration-ms="2269" status="PASS">
          <reporter-output>
          </reporter-output>
        </test-method> <!-- setup -->
        <test-method signature="completePurchaseFlow()[pri:0, instance:tests.PurchaseTest@72035809]" started-at="2026-03-19T10:09:06 MYT" name="completePurchaseFlow" finished-at="2026-03-19T10:09:08 MYT" duration-ms="2157" status="PASS">
          <reporter-output>
          </reporter-output>
        </test-method> <!-- completePurchaseFlow -->
        <test-method is-config="true" signature="teardown()[pri:0, instance:tests.PurchaseTest@72035809]" started-at="2026-03-19T10:09:08 MYT" name="teardown" finished-at="2026-03-19T10:09:09 MYT" duration-ms="483" status="PASS">
          <reporter-output>
          </reporter-output>
        </test-method> <!-- teardown -->
      </class> <!-- tests.PurchaseTest -->
    </test> <!-- Tests -->
  </suite> <!-- Automation Test Suite -->
</testng-results>
